
 *** Start of Graph program 
***************************************************************
***                                                         ***
***   h:   display this menu                                ***
***   u:   set the mode to undirected graph                 ***
***   i:   set the mode to directed graph                   ***
***   k:   display the mode (directed / undirected)         ***
***                                                         ***
***   d:   display the graph                                ***
***   m:   display the matrix                               ***
***                                                         ***
***   a:   add a  node to the graph                         ***
***   b:   add an edge to the graph                         ***
***   r:   remove a  node from the graph                    ***
***   s:   remove an edge from the graph                    ***
***                                                         ***
***   n:   find a  node in the graph                        ***
***   e:   find an edge in the graph                        ***
***                                                         ***
***   t:   Dijkstra + SPT                                   ***
***   v:   Floyd                                            ***
***   w:   Warshall                                         ***
***   x:   Prim                                             ***
***                                                         ***
***   q:   quit the program                                 ***
***                                                         ***
***************************************************************


 Enter choice ==> 
 Enter choice ==>  k undirected graph mode 
 Enter choice ==>  a Enter node:  a
 Enter choice ==>  a Enter node:  b
 Enter choice ==>  a Enter node:  c
 Enter choice ==>  b Enter node:  a Enter node:  b
 TO BE DONE  Enter weight:  1
 TO BE DONE fuck you!
 TO BE DONE fuck you!
 Enter choice ==>  b Enter node:  a Enter node:  c
 TO BE DONE  Enter weight:  2
 TO BE DONE fuck you!
 TO BE DONE fuck you!
 Enter choice ==>  b Enter node:  b Enter node:  a
 TO BE DONE  Enter weight:  3
 TO BE DONE fuck you!
 TO BE DONE fuck you!
 Enter choice ==>  b Enter node:  b Enter node:  c
 TO BE DONE  Enter weight:  4
 TO BE DONE fuck you!
 TO BE DONE fuck you!
 Enter choice ==>  b Enter node:  c Enter node:  a
 TO BE DONE  Enter weight:  5
 TO BE DONE fuck you!
 TO BE DONE fuck you!
 Enter choice ==>  b Enter node:  c Enter node:  b
 TO BE DONE  Enter weight:  6
 TO BE DONE fuck you!
 TO BE DONE fuck you!
 Enter choice ==>  d

 Adjacency list (3 nodes 0 edges): 

 a : 
 b : 
 c : 


 Enter choice ==>  m
 Adjacency matrix: 

 TO BE DONE 
 ----------------
       a   b   c 
 ----------------
  a:   0   0   0 
  b:   0   0   0 
  c:   0   0   0 
 ----------------
 
 Enter choice ==>  s Enter node:  a Enter node:  b
 TO BE DONE 
 *** ERROR Edge (a, b) NOT in graph! 
 Enter choice ==>  d

 Adjacency list (3 nodes 0 edges): 

 a : 
 b : 
 c : 


 Enter choice ==>  m
 Adjacency matrix: 

 TO BE DONE 
 ----------------
       a   b   c 
 ----------------
  a:   0   0   0 
  b:   0   0   0 
  c:   0   0   0 
 ----------------
 
 Enter choice ==>  q *** BYE BYE! ***
 *** End of Graph program 
